<?xml version="1.0" encoding="UTF-8"?>
<!-- Generated by org.testng.reporters.JUnitReportReporter -->
<testsuite hostname="Delson-Roy" failures="0" tests="1" name="day20.Demo1" time="0.008" errors="0" timestamp="2024-04-25T04:44:31 GMT-04:00" skipped="0">
  <testcase classname="day20.Demo1" name="testA" time="0.008"/>
  <system-out>
    <![CDATA[TestA...Bangalore]]>
  </system-out>
</testsuite> <!-- day20.Demo1 -->
